生成启动时间为 2017/5/9 17:10:40。
     1>项目“C:\Users\wangxiaoke.DOMRST\Desktop\face_test\codeTesting\codeTesting\codeTesting.vcxproj”在节点 2 上(Build 个目标)。
     1>ClCompile:
         C:\Program Files (x86)\Microsoft Visual Studio 12.0\VC\bin\CL.exe /c /ZI /nologo /W3 /WX- /Od /Oy- /D WIN32 /D _DEBUG /D _CONSOLE /D _UNICODE /D UNICODE /Gm /EHsc /RTC1 /MDd /GS /fp:precise /Zc:wchar_t /Zc:forScope /Fo"Debug\\" /Fd"Debug\vc120.pdb" /Gd /TP /analyze- /errorReport:prompt "LBH-HF.cpp" cvgabor.cpp faceProcessor.cpp test.cpp
         cvgabor.cpp
     1>c:\users\wangxiaoke.domrst\desktop\face_test\codetesting\codetesting\cvgabor.cpp(289): warning C4101: “S”: 未引用的局部变量
     1>c:\users\wangxiaoke.domrst\desktop\face_test\codetesting\codetesting\cvgabor.cpp(573): error C3861: “cvFilter2D”:  找不到标识符
     1>c:\users\wangxiaoke.domrst\desktop\face_test\codetesting\codetesting\cvgabor.cpp(574): error C3861: “cvFilter2D”:  找不到标识符
     1>c:\users\wangxiaoke.domrst\desktop\face_test\codetesting\codetesting\cvgabor.cpp(578): error C3861: “cvFilter2D”:  找不到标识符
     1>c:\users\wangxiaoke.domrst\desktop\face_test\codetesting\codetesting\cvgabor.cpp(583): error C3861: “cvFilter2D”:  找不到标识符
     1>c:\users\wangxiaoke.domrst\desktop\face_test\codetesting\codetesting\cvgabor.cpp(588): error C3861: “cvFilter2D”:  找不到标识符
     1>c:\users\wangxiaoke.domrst\desktop\face_test\codetesting\codetesting\cvgabor.cpp(722): error C3861: “cvFilter2D”:  找不到标识符
     1>c:\users\wangxiaoke.domrst\desktop\face_test\codetesting\codetesting\cvgabor.cpp(725): error C3861: “cvFilter2D”:  找不到标识符
     1>c:\users\wangxiaoke.domrst\desktop\face_test\codetesting\codetesting\cvgabor.cpp(728): error C3861: “cvFilter2D”:  找不到标识符
     1>c:\users\wangxiaoke.domrst\desktop\face_test\codetesting\codetesting\cvgabor.cpp(729): error C3861: “cvFilter2D”:  找不到标识符
         正在生成代码...
         正在编译...
         LBH-HF.cpp
     1>d:\software\opencv\opencv\build\include\opencv2\legacy\blobtrack.hpp(187): warning C4996: 'strcpy': This function or variable may be unsafe. Consider using strcpy_s instead. To disable deprecation, use _CRT_SECURE_NO_WARNINGS. See online help for details.
                 c:\program files (x86)\microsoft visual studio 12.0\vc\include\string.h(112) : 参见“strcpy”的声明
     1>d:\software\opencv\opencv\build\include\opencv2\legacy\blobtrack.hpp(256): warning C4996: 'strcat': This function or variable may be unsafe. Consider using strcat_s instead. To disable deprecation, use _CRT_SECURE_NO_WARNINGS. See online help for details.
                 c:\program files (x86)\microsoft visual studio 12.0\vc\include\string.h(118) : 参见“strcat”的声明
     1>c:\users\wangxiaoke.domrst\desktop\face_test\codetesting\codetesting\lbh-hf.cpp(308): warning C4244: “+=”: 从“double”转换到“int”，可能丢失数据
         正在生成代码...
         正在编译...
         test.cpp
     1>d:\software\opencv\opencv\build\include\opencv2\legacy\blobtrack.hpp(187): warning C4996: 'strcpy': This function or variable may be unsafe. Consider using strcpy_s instead. To disable deprecation, use _CRT_SECURE_NO_WARNINGS. See online help for details.
                 c:\program files (x86)\microsoft visual studio 12.0\vc\include\string.h(112) : 参见“strcpy”的声明
     1>d:\software\opencv\opencv\build\include\opencv2\legacy\blobtrack.hpp(256): warning C4996: 'strcat': This function or variable may be unsafe. Consider using strcat_s instead. To disable deprecation, use _CRT_SECURE_NO_WARNINGS. See online help for details.
                 c:\program files (x86)\microsoft visual studio 12.0\vc\include\string.h(118) : 参见“strcat”的声明
     1>c:\users\wangxiaoke.domrst\desktop\face_test\codetesting\codetesting\test.cpp(151): warning C4244: “初始化”: 从“float”转换到“int”，可能丢失数据
         faceProcessor.cpp
     1>d:\software\opencv\opencv\build\include\opencv2\legacy\blobtrack.hpp(187): warning C4996: 'strcpy': This function or variable may be unsafe. Consider using strcpy_s instead. To disable deprecation, use _CRT_SECURE_NO_WARNINGS. See online help for details.
                 c:\program files (x86)\microsoft visual studio 12.0\vc\include\string.h(112) : 参见“strcpy”的声明
     1>d:\software\opencv\opencv\build\include\opencv2\legacy\blobtrack.hpp(256): warning C4996: 'strcat': This function or variable may be unsafe. Consider using strcat_s instead. To disable deprecation, use _CRT_SECURE_NO_WARNINGS. See online help for details.
                 c:\program files (x86)\microsoft visual studio 12.0\vc\include\string.h(118) : 参见“strcat”的声明
     1>c:\users\wangxiaoke.domrst\desktop\face_test\codetesting\codetesting\faceprocessor.cpp(26): warning C4101: “i”: 未引用的局部变量
     1>c:\users\wangxiaoke.domrst\desktop\face_test\codetesting\codetesting\faceprocessor.cpp(177): warning C4244: “参数”: 从“double”转换到“int”，可能丢失数据
     1>c:\users\wangxiaoke.domrst\desktop\face_test\codetesting\codetesting\faceprocessor.cpp(208): warning C4244: “=”: 从“double”转换到“int”，可能丢失数据
     1>c:\users\wangxiaoke.domrst\desktop\face_test\codetesting\codetesting\faceprocessor.cpp(229): warning C4244: “参数”: 从“double”转换到“int”，可能丢失数据
     1>c:\users\wangxiaoke.domrst\desktop\face_test\codetesting\codetesting\faceprocessor.cpp(143): warning C4101: “noseRect”: 未引用的局部变量
         正在生成代码...
     1>已完成生成项目“C:\Users\wangxiaoke.DOMRST\Desktop\face_test\codeTesting\codeTesting\codeTesting.vcxproj”(Build 个目标)的操作 - 失败。

生成失败。

已用时间 00:00:03.75
